<?xml version="1.0" encoding="UTF-8"?>
<testng-results ignored="0" total="1" passed="1" failed="0" skipped="0">
  <reporter-output>
  </reporter-output>
  <suite started-at="2021-08-31T17:17:37 IST" name="Default suite" finished-at="2021-08-31T17:18:07 IST" duration-ms="29941">
    <groups>
    </groups>
    <test started-at="2021-08-31T17:17:37 IST" name="Default test" finished-at="2021-08-31T17:18:07 IST" duration-ms="29941">
      <class name="Acomodation.Testcase.Testcase_02_flightbook">
        <test-method is-config="true" signature="lunchderiver()[pri:0, instance:Acomodation.Testcase.Testcase_02_flightbook@661972b0]" started-at="2021-08-31T17:17:37 IST" name="lunchderiver" finished-at="2021-08-31T17:17:57 IST" duration-ms="19870" status="PASS">
          <reporter-output>
          </reporter-output>
        </test-method> <!-- lunchderiver -->
        <test-method signature="bookflight()[pri:0, instance:Acomodation.Testcase.Testcase_02_flightbook@661972b0]" started-at="2021-08-31T17:17:57 IST" name="bookflight" finished-at="2021-08-31T17:18:06 IST" duration-ms="8942" status="PASS">
          <reporter-output>
          </reporter-output>
        </test-method> <!-- bookflight -->
        <test-method is-config="true" signature="closebrowser()[pri:0, instance:Acomodation.Testcase.Testcase_02_flightbook@661972b0]" started-at="2021-08-31T17:18:06 IST" name="closebrowser" finished-at="2021-08-31T17:18:07 IST" duration-ms="1090" status="PASS">
          <reporter-output>
          </reporter-output>
        </test-method> <!-- closebrowser -->
      </class> <!-- Acomodation.Testcase.Testcase_02_flightbook -->
    </test> <!-- Default test -->
  </suite> <!-- Default suite -->
</testng-results>
