<?xml version="1.0" encoding="UTF-8"?>
<testng-results ignored="0" total="1" passed="1" failed="0" skipped="0">
  <reporter-output>
  </reporter-output>
  <suite started-at="2021-08-26T12:02:38 IST" name="Default suite" finished-at="2021-08-26T12:03:14 IST" duration-ms="35043">
    <groups>
    </groups>
    <test started-at="2021-08-26T12:02:38 IST" name="Default test" finished-at="2021-08-26T12:03:14 IST" duration-ms="35043">
      <class name="Acomodation.Testcase.Testcase_01_navigationcheck_All_Page">
        <test-method is-config="true" signature="lunchderiver()[pri:0, instance:Acomodation.Testcase.Testcase_01_navigationcheck_All_Page@5c5eefef]" started-at="2021-08-26T12:02:39 IST" name="lunchderiver" finished-at="2021-08-26T12:03:07 IST" duration-ms="28704" status="PASS">
          <reporter-output>
          </reporter-output>
        </test-method> <!-- lunchderiver -->
        <test-method signature="navigations()[pri:0, instance:Acomodation.Testcase.Testcase_01_navigationcheck_All_Page@5c5eefef]" started-at="2021-08-26T12:03:07 IST" name="navigations" finished-at="2021-08-26T12:03:12 IST" duration-ms="4768" status="PASS">
          <reporter-output>
          </reporter-output>
        </test-method> <!-- navigations -->
        <test-method is-config="true" signature="closebrowser()[pri:0, instance:Acomodation.Testcase.Testcase_01_navigationcheck_All_Page@5c5eefef]" started-at="2021-08-26T12:03:12 IST" name="closebrowser" finished-at="2021-08-26T12:03:14 IST" duration-ms="1501" status="PASS">
          <reporter-output>
          </reporter-output>
        </test-method> <!-- closebrowser -->
      </class> <!-- Acomodation.Testcase.Testcase_01_navigationcheck_All_Page -->
    </test> <!-- Default test -->
  </suite> <!-- Default suite -->
</testng-results>
